0 info it worked if it ends with ok
1 verbose cli [ 'C:\\Program Files\\nodejs\\\\node.exe',
1 verbose cli   'C:\\Program Files\\nodejs\\node_modules\\npm\\bin\\npm-cli.js',
1 verbose cli   'install',
1 verbose cli   'bower' ]
2 info using npm@1.4.23
3 info using node@v0.10.31
4 verbose node symlink C:\Program Files\nodejs\\node.exe
5 verbose cache add [ 'bower', null ]
6 verbose cache add name=undefined spec="bower" args=["bower",null]
7 verbose parsed url { protocol: null,
7 verbose parsed url   slashes: null,
7 verbose parsed url   auth: null,
7 verbose parsed url   host: null,
7 verbose parsed url   port: null,
7 verbose parsed url   hostname: null,
7 verbose parsed url   hash: null,
7 verbose parsed url   search: null,
7 verbose parsed url   query: null,
7 verbose parsed url   pathname: 'bower',
7 verbose parsed url   path: 'bower',
7 verbose parsed url   href: 'bower' }
8 silly lockFile 206e3ce5-bower bower
9 verbose lock bower C:\Users\yan\AppData\Roaming\npm-cache\206e3ce5-bower.lock
10 silly lockFile 206e3ce5-bower bower
11 silly lockFile 206e3ce5-bower bower
12 verbose addNamed [ 'bower', '' ]
13 verbose addNamed [ null, '*' ]
14 silly lockFile 1240aab1-bower bower@
15 verbose lock bower@ C:\Users\yan\AppData\Roaming\npm-cache\1240aab1-bower.lock
16 silly addNameRange { name: 'bower', range: '*', hasData: false }
17 verbose request where is /bower
18 verbose request registry https://registry.npmjs.org/
19 verbose request id a9ea13cffae1a897
20 verbose url raw /bower
21 verbose url resolving [ 'https://registry.npmjs.org/', './bower' ]
22 verbose url resolved https://registry.npmjs.org/bower
23 verbose request where is https://registry.npmjs.org/bower
24 info trying registry request attempt 1 at 10:06:27
25 http GET https://registry.npmjs.org/bower
26 info retry will retry, error on last attempt: Error: connect ETIMEDOUT
27 info trying registry request attempt 2 at 10:06:58
28 http GET https://registry.npmjs.org/bower
29 info retry will retry, error on last attempt: Error: connect ETIMEDOUT
30 info trying registry request attempt 3 at 10:08:19
31 http GET https://registry.npmjs.org/bower
32 silly lockFile 1240aab1-bower bower@
33 silly lockFile 1240aab1-bower bower@
34 error network connect ETIMEDOUT
34 error network This is most likely not a problem with npm itself
34 error network and is related to network connectivity.
34 error network In most cases you are behind a proxy or have bad network settings.
34 error network
34 error network If you are behind a proxy, please make sure that the
34 error network 'proxy' config is set properly.  See: 'npm help config'
35 error System Windows_NT 6.1.7601
36 error command "C:\\Program Files\\nodejs\\\\node.exe" "C:\\Program Files\\nodejs\\node_modules\\npm\\bin\\npm-cli.js" "install" "bower"
37 error cwd C:\inetpub\wwwroot\projetos_git\dashboard.set.govrn\dashboard.set.govrn
38 error node -v v0.10.31
39 error npm -v 1.4.23
40 error syscall connect
41 error code ETIMEDOUT
42 error errno ETIMEDOUT
43 verbose exit [ 1, true ]
